<?xml version="1.0" encoding="UTF-8"?>
<testng-results skipped="0" failed="0" total="6" passed="6">
  <reporter-output>
  </reporter-output>
  <suite name="Command line suite" duration-ms="29" started-at="2019-06-27T05:47:06Z" finished-at="2019-06-27T05:47:06Z">
    <groups>
    </groups>
    <test name="Command line test" duration-ms="29" started-at="2019-06-27T05:47:06Z" finished-at="2019-06-27T05:47:06Z">
      <class name="qaclickacademy.AppiumTest">
        <test-method status="PASS" signature="IOSApps()[pri:0, instance:qaclickacademy.AppiumTest@6615435c]" name="IOSApps" duration-ms="6" started-at="2019-06-27T11:17:06Z" finished-at="2019-06-27T11:17:06Z">
          <reporter-output>
          </reporter-output>
        </test-method> <!-- IOSApps -->
        <test-method status="PASS" signature="NativeAppAndroid()[pri:0, instance:qaclickacademy.AppiumTest@6615435c]" name="NativeAppAndroid" duration-ms="2" started-at="2019-06-27T11:17:06Z" finished-at="2019-06-27T11:17:06Z">
          <reporter-output>
          </reporter-output>
        </test-method> <!-- NativeAppAndroid -->
      </class> <!-- qaclickacademy.AppiumTest -->
      <class name="qaclickacademy.RESTAPITest">
        <test-method status="PASS" signature="deleteTwitter()[pri:0, instance:qaclickacademy.RESTAPITest@2d3fcdbd]" name="deleteTwitter" duration-ms="1" started-at="2019-06-27T11:17:06Z" finished-at="2019-06-27T11:17:06Z">
          <reporter-output>
          </reporter-output>
        </test-method> <!-- deleteTwitter -->
        <test-method status="PASS" signature="postJira()[pri:0, instance:qaclickacademy.RESTAPITest@2d3fcdbd]" name="postJira" duration-ms="0" started-at="2019-06-27T11:17:06Z" finished-at="2019-06-27T11:17:06Z">
          <reporter-output>
          </reporter-output>
        </test-method> <!-- postJira -->
      </class> <!-- qaclickacademy.RESTAPITest -->
      <class name="qaclickacademy.SeleniumTest">
        <test-method status="PASS" signature="BrowserAutomation()[pri:0, instance:qaclickacademy.SeleniumTest@617c74e5]" name="BrowserAutomation" duration-ms="0" started-at="2019-06-27T11:17:06Z" finished-at="2019-06-27T11:17:06Z">
          <reporter-output>
          </reporter-output>
        </test-method> <!-- BrowserAutomation -->
        <test-method status="PASS" signature="elementsUI()[pri:0, instance:qaclickacademy.SeleniumTest@617c74e5]" name="elementsUI" duration-ms="0" started-at="2019-06-27T11:17:06Z" finished-at="2019-06-27T11:17:06Z">
          <reporter-output>
          </reporter-output>
        </test-method> <!-- elementsUI -->
      </class> <!-- qaclickacademy.SeleniumTest -->
    </test> <!-- Command line test -->
  </suite> <!-- Command line suite -->
</testng-results>
